Using worker: worker-linux-9-2.bb.travis-ci.org:travis-linux-15

travis_fold:start:git.1
$ git clone --depth=50 --branch=DEV git://github.com/Prof-Calebe/procomp.git Prof-Calebe/procomp
Cloning into 'Prof-Calebe/procomp'...
remote: Reusing existing pack: 791, done.[K
remote: Counting objects: 148, done.[K
remote: Compressing objects:   0% (1/147)   [K
remote: Compressing objects:   1% (2/147)   [K
remote: Compressing objects:   2% (3/147)   [K
remote: Compressing objects:   3% (5/147)   [K
remote: Compressing objects:   4% (6/147)   [K
remote: Compressing objects:   5% (8/147)   [K
remote: Compressing objects:   6% (9/147)   [K
remote: Compressing objects:   7% (11/147)   [K
remote: Compressing objects:   8% (12/147)   [K
remote: Compressing objects:   9% (14/147)   [K
remote: Compressing objects:  10% (15/147)   [K
remote: Compressing objects:  11% (17/147)   [K
remote: Compressing objects:  12% (18/147)   [K
remote: Compressing objects:  13% (20/147)   [K
remote: Compressing objects:  14% (21/147)   [K
remote: Compressing objects:  15% (23/147)   [K
remote: Compressing objects:  16% (24/147)   [K
remote: Compressing objects:  17% (25/147)   [K
remote: Compressing objects:  18% (27/147)   [K
remote: Compressing objects:  19% (28/147)   [K
remote: Compressing objects:  20% (30/147)   [K
remote: Compressing objects:  21% (31/147)   [K
remote: Compressing objects:  22% (33/147)   [K
remote: Compressing objects:  23% (34/147)   [K
remote: Compressing objects:  24% (36/147)   [K
remote: Compressing objects:  25% (37/147)   [K
remote: Compressing objects:  26% (39/147)   [K
remote: Compressing objects:  27% (40/147)   [K
remote: Compressing objects:  28% (42/147)   [K
remote: Compressing objects:  29% (43/147)   [K
remote: Compressing objects:  30% (45/147)   [K
remote: Compressing objects:  31% (46/147)   [K
remote: Compressing objects:  32% (48/147)   [K
remote: Compressing objects:  33% (49/147)   [K
remote: Compressing objects:  34% (50/147)   [K
remote: Compressing objects:  35% (52/147)   [K
remote: Compressing objects:  36% (53/147)   [K
remote: Compressing objects:  37% (55/147)   [K
remote: Compressing objects:  38% (56/147)   [K
remote: Compressing objects:  39% (58/147)   [K
remote: Compressing objects:  40% (59/147)   [K
remote: Compressing objects:  41% (61/147)   [K
remote: Compressing objects:  42% (62/147)   [K
remote: Compressing objects:  43% (64/147)   [K
remote: Compressing objects:  44% (65/147)   [K
remote: Compressing objects:  45% (67/147)   [K
remote: Compressing objects:  46% (68/147)   [K
remote: Compressing objects:  47% (70/147)   [K
remote: Compressing objects:  48% (71/147)   [K
remote: Compressing objects:  49% (73/147)   [K
remote: Compressing objects:  50% (74/147)   [K
remote: Compressing objects:  51% (75/147)   [K
remote: Compressing objects:  52% (77/147)   [K
remote: Compressing objects:  53% (78/147)   [K
remote: Compressing objects:  54% (80/147)   [K
remote: Compressing objects:  55% (81/147)   [K
remote: Compressing objects:  56% (83/147)   [K
remote: Compressing objects:  57% (84/147)   [K
remote: Compressing objects:  58% (86/147)   [K
remote: Compressing objects:  59% (87/147)   [K
remote: Compressing objects:  60% (89/147)   [K
remote: Compressing objects:  61% (90/147)   [K
remote: Compressing objects:  62% (92/147)   [K
remote: Compressing objects:  63% (93/147)   [K
remote: Compressing objects:  64% (95/147)   [K
remote: Compressing objects:  65% (96/147)   [K
remote: Compressing objects:  66% (98/147)   [K
remote: Compressing objects:  67% (99/147)   [K
remote: Compressing objects:  68% (100/147)   [K
remote: Compressing objects:  69% (102/147)   [K
remote: Compressing objects:  70% (103/147)   [K
remote: Compressing objects:  71% (105/147)   [K
remote: Compressing objects:  72% (106/147)   [K
remote: Compressing objects:  73% (108/147)   [K
remote: Compressing objects:  74% (109/147)   [K
remote: Compressing objects:  75% (111/147)   [K
remote: Compressing objects:  76% (112/147)   [K
remote: Compressing objects:  77% (114/147)   [K
remote: Compressing objects:  78% (115/147)   [K
remote: Compressing objects:  79% (117/147)   [K
remote: Compressing objects:  80% (118/147)   [K
remote: Compressing objects:  81% (120/147)   [K
remote: Compressing objects:  82% (121/147)   [K
remote: Compressing objects:  83% (123/147)   [K
remote: Compressing objects:  84% (124/147)   [K
remote: Compressing objects:  85% (125/147)   [K
remote: Compressing objects:  86% (127/147)   [K
remote: Compressing objects:  87% (128/147)   [K
remote: Compressing objects:  88% (130/147)   [K
remote: Compressing objects:  89% (131/147)   [K
remote: Compressing objects:  90% (133/147)   [K
remote: Compressing objects:  91% (134/147)   [K
remote: Compressing objects:  92% (136/147)   [K
remote: Compressing objects:  93% (137/147)   [K
remote: Compressing objects:  94% (139/147)   [K
remote: Compressing objects:  95% (140/147)   [K
remote: Compressing objects:  96% (142/147)   [K
remote: Compressing objects:  97% (143/147)   [K
remote: Compressing objects:  98% (145/147)   [K
remote: Compressing objects:  99% (146/147)   [K
remote: Compressing objects: 100% (147/147)   [K
remote: Compressing objects: 100% (147/147), done.[K
Receiving objects:   0% (1/939)   
Receiving objects:   1% (10/939)   
Receiving objects:   2% (19/939)   
Receiving objects:   3% (29/939)   
Receiving objects:   4% (38/939)   
Receiving objects:   5% (47/939)   
Receiving objects:   6% (57/939)   
Receiving objects:   7% (66/939)   
Receiving objects:   8% (76/939)   
Receiving objects:   9% (85/939)   
Receiving objects:  10% (94/939)   
Receiving objects:  11% (104/939)   
Receiving objects:  12% (113/939)   
Receiving objects:  13% (123/939)   
Receiving objects:  14% (132/939)   
Receiving objects:  15% (141/939)   
Receiving objects:  16% (151/939)   
Receiving objects:  17% (160/939)   
Receiving objects:  18% (170/939)   
Receiving objects:  19% (179/939)   
Receiving objects:  20% (188/939)   
Receiving objects:  21% (198/939)   
Receiving objects:  22% (207/939)   
Receiving objects:  23% (216/939)   
Receiving objects:  24% (226/939)   
Receiving objects:  25% (235/939)   
Receiving objects:  26% (245/939)   
Receiving objects:  27% (254/939)   
Receiving objects:  28% (263/939)   
Receiving objects:  29% (273/939)   
Receiving objects:  30% (282/939)   
Receiving objects:  31% (292/939)   
Receiving objects:  32% (301/939)   
Receiving objects:  33% (310/939)   
Receiving objects:  34% (320/939)   
Receiving objects:  35% (329/939)   
Receiving objects:  36% (339/939)   
Receiving objects:  37% (348/939)   
Receiving objects:  38% (357/939)   
Receiving objects:  39% (367/939)   
Receiving objects:  40% (376/939)   
Receiving objects:  41% (385/939)   
Receiving objects:  42% (395/939)   
Receiving objects:  43% (404/939)   
Receiving objects:  44% (414/939)   
Receiving objects:  45% (423/939)   
Receiving objects:  46% (432/939)   
Receiving objects:  47% (442/939)   
Receiving objects:  48% (451/939)   
Receiving objects:  49% (461/939)   
Receiving objects:  50% (470/939)   
Receiving objects:  51% (479/939)   
Receiving objects:  52% (489/939)   
Receiving objects:  53% (498/939)   
Receiving objects:  54% (508/939)   
Receiving objects:  55% (517/939)   
Receiving objects:  56% (526/939)   
Receiving objects:  57% (536/939)   
Receiving objects:  58% (545/939)   
Receiving objects:  59% (555/939)   
Receiving objects:  60% (564/939)   
Receiving objects:  61% (573/939)   
Receiving objects:  62% (583/939)   
Receiving objects:  63% (592/939)   
Receiving objects:  64% (601/939)   
Receiving objects:  65% (611/939)   
Receiving objects:  66% (620/939)   
Receiving objects:  67% (630/939)   
Receiving objects:  68% (639/939)   
Receiving objects:  69% (648/939)   
Receiving objects:  70% (658/939)   
Receiving objects:  71% (667/939)   
Receiving objects:  72% (677/939)   
Receiving objects:  73% (686/939)   
Receiving objects:  74% (695/939)   
Receiving objects:  75% (705/939)   
Receiving objects:  76% (714/939)   
Receiving objects:  77% (724/939)   
Receiving objects:  78% (733/939)   
Receiving objects:  79% (742/939)   
Receiving objects:  80% (752/939)   
Receiving objects:  81% (761/939)   
Receiving objects:  82% (770/939)   
Receiving objects:  83% (780/939)   
Receiving objects:  84% (789/939)   
Receiving objects:  85% (799/939)   
Receiving objects:  86% (808/939)   
Receiving objects:  87% (817/939)   
Receiving objects:  88% (827/939)   
Receiving objects:  89% (836/939)   
Receiving objects:  90% (846/939)   
remote: Total 939 (delta 82), reused 0 (delta 0)[K
Receiving objects:  91% (855/939)   
Receiving objects:  92% (864/939)   
Receiving objects:  93% (874/939)   
Receiving objects:  94% (883/939)   
Receiving objects:  95% (893/939)   
Receiving objects:  96% (902/939)   
Receiving objects:  97% (911/939)   
Receiving objects:  98% (921/939)   
Receiving objects:  99% (930/939)   
Receiving objects: 100% (939/939)   
Receiving objects: 100% (939/939), 8.05 MiB | 0 bytes/s, done.
Resolving deltas:   0% (0/448)   
Resolving deltas:   2% (12/448)   
Resolving deltas:   3% (17/448)   
Resolving deltas:   4% (21/448)   
Resolving deltas:   5% (24/448)   
Resolving deltas:   6% (28/448)   
Resolving deltas:   8% (37/448)   
Resolving deltas:  12% (57/448)   
Resolving deltas:  13% (59/448)   
Resolving deltas:  14% (63/448)   
Resolving deltas:  17% (77/448)   
Resolving deltas:  18% (81/448)   
Resolving deltas:  27% (125/448)   
Resolving deltas:  29% (130/448)   
Resolving deltas:  33% (149/448)   
Resolving deltas:  34% (155/448)   
Resolving deltas:  35% (158/448)   
Resolving deltas:  36% (162/448)   
Resolving deltas:  37% (166/448)   
Resolving deltas:  39% (175/448)   
Resolving deltas:  40% (183/448)   
Resolving deltas:  41% (188/448)   
Resolving deltas:  43% (193/448)   
Resolving deltas:  44% (200/448)   
Resolving deltas:  45% (203/448)   
Resolving deltas:  46% (207/448)   
Resolving deltas:  47% (214/448)   
Resolving deltas:  48% (216/448)   
Resolving deltas:  52% (234/448)   
Resolving deltas:  53% (238/448)   
Resolving deltas:  54% (243/448)   
Resolving deltas:  56% (254/448)   
Resolving deltas:  60% (269/448)   
Resolving deltas:  61% (275/448)   
Resolving deltas:  62% (278/448)   
Resolving deltas:  63% (285/448)   
Resolving deltas:  64% (287/448)   
Resolving deltas:  65% (293/448)   
Resolving deltas:  66% (296/448)   
Resolving deltas:  67% (303/448)   
Resolving deltas:  68% (307/448)   
Resolving deltas:  69% (310/448)   
Resolving deltas:  71% (319/448)   
Resolving deltas:  72% (325/448)   
Resolving deltas:  73% (328/448)   
Resolving deltas:  75% (340/448)   
Resolving deltas:  76% (343/448)   
Resolving deltas:  77% (345/448)   
Resolving deltas:  78% (350/448)   
Resolving deltas:  79% (355/448)   
Resolving deltas:  80% (361/448)   
Resolving deltas:  81% (364/448)   
Resolving deltas:  84% (380/448)   
Resolving deltas:  86% (387/448)   
Resolving deltas:  88% (395/448)   
Resolving deltas:  90% (404/448)   
Resolving deltas:  91% (410/448)   
Resolving deltas:  92% (415/448)   
Resolving deltas:  93% (421/448)   
Resolving deltas:  95% (426/448)   
Resolving deltas:  97% (435/448)   
Resolving deltas:  99% (445/448)   
Resolving deltas: 100% (448/448)   
Resolving deltas: 100% (448/448), done.
Checking connectivity... done.
travis_fold:end:git.1
$ cd Prof-Calebe/procomp
travis_fold:start:git.3
$ git checkout -qf 26f0e24bbc276eef5699f024cf9ec93618fd17b3
travis_fold:end:git.3
$ java -version
java version "1.7.0_51"
Java(TM) SE Runtime Environment (build 1.7.0_51-b13)
Java HotSpot(TM) 64-Bit Server VM (build 24.51-b03, mixed mode)
$ javac -version
javac 1.7.0_51
travis_fold:start:before_script
$ chmod +x ./build.sh
travis_fold:end:before_script
$ ./build.sh
CLASSPATH::/home/travis/build/Prof-Calebe/procomp/lib/ant-contrib-1.0b3.jar:/home/travis/build/Prof-Calebe/procomp/core/src/META-INF/lib/org-netbeans-modules-java-j2seproject-copylibstask.jar:/home/travis/build/Prof-Calebe/procompglassfish3glassfishlibappserv-rt.jar:/home/travis/build/Prof-Calebe/procompglassfish3glassfishlibgf-client.jar
2014-05-20 23:17:24 URL:http://dlc.sun.com.edgesuite.net/glassfish/3.1.2/release/glassfish-3.1.2.zip [84945198/84945198] -> "glassfish-3.1.2.zip" [1]
 
Compiling these projects:
 
----- core -----
Buildfile: /home/travis/build/Prof-Calebe/procomp/core/build.xml

-pre-init:

-init-private:

-init-user:

-init-project:

-init-macrodef-property:

-do-init:

-post-init:

-init-check:

-init-ap-cmdline-properties:

-init-macrodef-javac-with-processors:

-init-macrodef-javac-without-processors:

-init-macrodef-javac:

-init-macrodef-junit:

-init-debug-args:

-init-macrodef-nbjpda:

-init-macrodef-debug:

-init-macrodef-java:

-init-presetdef-jar:

-init-ap-cmdline-supported:

-init-ap-cmdline:

init:

-deps-jar-init:

deps-jar:
    [mkdir] Created dir: /home/travis/build/Prof-Calebe/procomp/core/build

-warn-already-built-jar:
[propertyfile] Updating property file: /home/travis/build/Prof-Calebe/procomp/core/build/built-jar.properties

-check-automatic-build:

-clean-after-automatic-build:

-verify-automatic-build:

-pre-pre-compile:
    [mkdir] Created dir: /home/travis/build/Prof-Calebe/procomp/core/build/classes

-pre-compile:

-copy-persistence-xml:
    [mkdir] Created dir: /home/travis/build/Prof-Calebe/procomp/core/build/classes/META-INF
     [copy] Copying 1 file to /home/travis/build/Prof-Calebe/procomp/core/build/classes/META-INF

-compile-depend:

-do-compile:
    [mkdir] Created dir: /home/travis/build/Prof-Calebe/procomp/core/build/empty
    [mkdir] Created dir: /home/travis/build/Prof-Calebe/procomp/core/build/generated-sources/ap-source-output
    [javac] Compiling 30 source files to /home/travis/build/Prof-Calebe/procomp/core/build/classes
    [javac] warning: [options] bootstrap class path not set in conjunction with -source 1.6
    [javac] Note: Some input files use unchecked or unsafe operations.
    [javac] Note: Recompile with -Xlint:unchecked for details.
    [javac] 1 warning
     [copy] Copying 30 files to /home/travis/build/Prof-Calebe/procomp/core/build/classes

-post-compile:

compile:

-pre-pre-compile-test:
    [mkdir] Created dir: /home/travis/build/Prof-Calebe/procomp/core/build/test/classes

-pre-compile-test:

-compile-test-depend:

-do-compile-test:
    [javac] Compiling 19 source files to /home/travis/build/Prof-Calebe/procomp/core/build/test/classes
    [javac] warning: [options] bootstrap class path not set in conjunction with -source 1.6
    [javac] 1 warning

-post-compile-test:

compile-test:

-pre-test-run:
    [mkdir] Created dir: /home/travis/build/Prof-Calebe/procomp/core/build/test/results

-do-test-run:
    [junit] Testsuite: logica.AlunoTest
    [junit] Tests run: 3, Failures: 0, Errors: 0, Time elapsed: 1.094 sec
    [junit] 
    [junit] Testsuite: logica.CursosTest
    [junit] Tests run: 2, Failures: 0, Errors: 0, Time elapsed: 0.785 sec
    [junit] 
    [junit] Testsuite: logica.DisciplinaTest
    [junit] Tests run: 2, Failures: 0, Errors: 0, Time elapsed: 1.317 sec
    [junit] 
    [junit] Testsuite: logica.QuestoesTest
    [junit] Tests run: 2, Failures: 0, Errors: 0, Time elapsed: 0.764 sec
    [junit] 
    [junit] Testsuite: logica.UsuarioTest
    [junit] Tests run: 5, Failures: 0, Errors: 0, Time elapsed: 0.671 sec
    [junit] 

test-report:

-post-test-run:

-test-browse:

test:

-pre-jar:

-pre-pre-jar:
    [mkdir] Created dir: /home/travis/build/Prof-Calebe/procomp/core/dist

-do-jar-with-manifest:

-do-jar-without-manifest:

-do-jar-with-mainclass:

-do-jar-with-libraries-create-manifest:

-do-jar-with-libraries-copy-manifest:
     [copy] Copying 1 file to /home/travis/build/Prof-Calebe/procomp/core/build

-do-jar-with-libraries-set-main:

-do-jar-with-libraries-set-splashscreen:

-init-macrodef-copylibs:

-do-jar-with-libraries-pack:
 [copylibs] Copy libraries to /home/travis/build/Prof-Calebe/procomp/core/dist/lib.
 [copylibs] Building jar: /home/travis/build/Prof-Calebe/procomp/core/dist/core.jar
     [echo] To run this application from the command line without Ant, try:
     [echo] java -jar "/home/travis/build/Prof-Calebe/procomp/core/dist/core.jar"

-do-jar-with-libraries-delete-manifest:

-do-jar-with-libraries:

-post-jar:

jar:

-javadoc-build:
    [mkdir] Created dir: /home/travis/build/Prof-Calebe/procomp/core/dist/javadoc
  [javadoc] Warning: Leaving out empty argument '-windowtitle'
  [javadoc] Generating Javadoc
  [javadoc] Javadoc execution
  [javadoc] warning: [options] bootstrap class path not set in conjunction with -source 1.6
  [javadoc] Loading source file /home/travis/build/Prof-Calebe/procomp/core/src/autocomp/UI/AutoComp.java...
  [javadoc] Loading source file /home/travis/build/Prof-Calebe/procomp/core/src/autocomp/UI/ConsQuestaoPanel.java...
  [javadoc] Loading source file /home/travis/build/Prof-Calebe/procomp/core/src/autocomp/UI/ImpAlunoPanel.java...
  [javadoc] Loading source file /home/travis/build/Prof-Calebe/procomp/core/src/autocomp/UI/ImpProfPanel.java...
  [javadoc] Loading source file /home/travis/build/Prof-Calebe/procomp/core/src/autocomp/UI/LoginPanel.java...
  [javadoc] Loading source file /home/travis/build/Prof-Calebe/procomp/core/src/autocomp/UI/MenuPanel.java...
  [javadoc] Loading source file /home/travis/build/Prof-Calebe/procomp/core/src/autocomp/UI/QuestaoAltPanel.java...
  [javadoc] Loading source file /home/travis/build/Prof-Calebe/procomp/core/src/autocomp/UI/QuestaoPanel.java...
  [javadoc] Loading source file /home/travis/build/Prof-Calebe/procomp/core/src/autocomp/UI/UsuarioPanel.java...
  [javadoc] Loading source file /home/travis/build/Prof-Calebe/procomp/core/src/autocomp/controller/AlunoController.java...
  [javadoc] Loading source file /home/travis/build/Prof-Calebe/procomp/core/src/autocomp/controller/CursosController.java...
  [javadoc] Loading source file /home/travis/build/Prof-Calebe/procomp/core/src/autocomp/controller/DisciplinaController.java...
  [javadoc] Loading source file /home/travis/build/Prof-Calebe/procomp/core/src/autocomp/controller/PermissaoController.java...
  [javadoc] Loading source file /home/travis/build/Prof-Calebe/procomp/core/src/autocomp/controller/QuestoesController.java...
  [javadoc] Loading source file /home/travis/build/Prof-Calebe/procomp/core/src/autocomp/controller/UsuarioController.java...
  [javadoc] Loading source file /home/travis/build/Prof-Calebe/procomp/core/src/autocomp/dao/AlunoDAO.java...
  [javadoc] Loading source file /home/travis/build/Prof-Calebe/procomp/core/src/autocomp/dao/CursoDAO.java...
  [javadoc] Loading source file /home/travis/build/Prof-Calebe/procomp/core/src/autocomp/dao/DisciplinaDAO.java...
  [javadoc] Loading source file /home/travis/build/Prof-Calebe/procomp/core/src/autocomp/dao/GenericDAO.java...
  [javadoc] Loading source file /home/travis/build/Prof-Calebe/procomp/core/src/autocomp/dao/ProvaDAO.java...
  [javadoc] Loading source file /home/travis/build/Prof-Calebe/procomp/core/src/autocomp/dao/QuestaoDAO.java...
  [javadoc] Loading source file /home/travis/build/Prof-Calebe/procomp/core/src/autocomp/dao/UsuarioDAO.java...
  [javadoc] Loading source file /home/travis/build/Prof-Calebe/procomp/core/src/autocomp/model/Aluno.java...
  [javadoc] Loading source file /home/travis/build/Prof-Calebe/procomp/core/src/autocomp/model/Curso.java...
  [javadoc] Loading source file /home/travis/build/Prof-Calebe/procomp/core/src/autocomp/model/Disciplina.java...
  [javadoc] Loading source file /home/travis/build/Prof-Calebe/procomp/core/src/autocomp/model/DomainObject.java...
  [javadoc] Loading source file /home/travis/build/Prof-Calebe/procomp/core/src/autocomp/model/Grupo.java...
  [javadoc] Loading source file /home/travis/build/Prof-Calebe/procomp/core/src/autocomp/model/Prova.java...
  [javadoc] Loading source file /home/travis/build/Prof-Calebe/procomp/core/src/autocomp/model/Questao.java...
  [javadoc] Loading source file /home/travis/build/Prof-Calebe/procomp/core/src/autocomp/model/Usuario.java...
  [javadoc] Constructing Javadoc information...
  [javadoc] Standard Doclet version 1.7.0_51
  [javadoc] Building tree for all the packages and classes...
  [javadoc] Building index for all the packages and classes...
  [javadoc] Building index for all classes...
  [javadoc] Generating /home/travis/build/Prof-Calebe/procomp/core/dist/javadoc/help-doc.html...
  [javadoc] 1 warning

-javadoc-browse:

javadoc:

default:

BUILD SUCCESSFUL
Total time: 31 seconds
 

[32;1mThe command "./build.sh" exited with 0.[0m

Done. Your build exited with 0.